C:\USERS\NREDMOND\DOCUMENTS\C PLUS PLUS\REPOSITORY\GAMESKELETON\GAMESOLUTION\GAME\DEBUG\LOGGER.OBJ
C:\USERS\NREDMOND\DOCUMENTS\C PLUS PLUS\REPOSITORY\GAMESKELETON\GAMESOLUTION\GAME\DEBUG\MAIN.OBJ
C:\USERS\NREDMOND\DOCUMENTS\C PLUS PLUS\REPOSITORY\GAMESKELETON\GAMESOLUTION\GAME\DEBUG\UTILS.OBJ
C:\USERS\NREDMOND\DOCUMENTS\C PLUS PLUS\REPOSITORY\GAMESKELETON\GAMESOLUTION\GAME\DEBUG\VC110.PDB
C:\Users\nredmond\Documents\C Plus Plus\Repository\GameSkeleton\GameSolution\Debug\Game.lib
C:\Users\nredmond\Documents\C Plus Plus\Repository\GameSkeleton\GameSolution\Debug\Game.exp
C:\USERS\NREDMOND\DOCUMENTS\C PLUS PLUS\REPOSITORY\GAMESKELETON\GAMESOLUTION\DEBUG\GAME.ILK
C:\USERS\NREDMOND\DOCUMENTS\C PLUS PLUS\REPOSITORY\GAMESKELETON\GAMESOLUTION\DEBUG\GAME.EXE
C:\USERS\NREDMOND\DOCUMENTS\C PLUS PLUS\REPOSITORY\GAMESKELETON\GAMESOLUTION\DEBUG\GAME.PDB
C:\Users\nredmond\Documents\C Plus Plus\Repository\GameSkeleton\GameSolution\Game\Debug\Logger.obj
C:\Users\nredmond\Documents\C Plus Plus\Repository\GameSkeleton\GameSolution\Game\Debug\main.obj
C:\Users\nredmond\Documents\C Plus Plus\Repository\GameSkeleton\GameSolution\Game\Debug\Utils.obj
C:\Users\nredmond\Documents\C Plus Plus\Repository\GameSkeleton\GameSolution\Game\Debug\cl.command.1.tlog
C:\Users\nredmond\Documents\C Plus Plus\Repository\GameSkeleton\GameSolution\Game\Debug\CL.read.1.tlog
C:\Users\nredmond\Documents\C Plus Plus\Repository\GameSkeleton\GameSolution\Game\Debug\CL.write.1.tlog
C:\Users\nredmond\Documents\C Plus Plus\Repository\GameSkeleton\GameSolution\Game\Debug\Game.write.1.tlog
C:\Users\nredmond\Documents\C Plus Plus\Repository\GameSkeleton\GameSolution\Game\Debug\link-cvtres.read.1.tlog
C:\Users\nredmond\Documents\C Plus Plus\Repository\GameSkeleton\GameSolution\Game\Debug\link-cvtres.write.1.tlog
C:\Users\nredmond\Documents\C Plus Plus\Repository\GameSkeleton\GameSolution\Game\Debug\link-rc.read.1.tlog
C:\Users\nredmond\Documents\C Plus Plus\Repository\GameSkeleton\GameSolution\Game\Debug\link-rc.write.1.tlog
C:\Users\nredmond\Documents\C Plus Plus\Repository\GameSkeleton\GameSolution\Game\Debug\link.10196-cvtres.read.1.tlog
C:\Users\nredmond\Documents\C Plus Plus\Repository\GameSkeleton\GameSolution\Game\Debug\link.10196-cvtres.write.1.tlog
C:\Users\nredmond\Documents\C Plus Plus\Repository\GameSkeleton\GameSolution\Game\Debug\link.10196-rc.read.1.tlog
C:\Users\nredmond\Documents\C Plus Plus\Repository\GameSkeleton\GameSolution\Game\Debug\link.10196-rc.write.1.tlog
C:\Users\nredmond\Documents\C Plus Plus\Repository\GameSkeleton\GameSolution\Game\Debug\link.10196.read.1.tlog
C:\Users\nredmond\Documents\C Plus Plus\Repository\GameSkeleton\GameSolution\Game\Debug\link.10196.write.1.tlog
C:\Users\nredmond\Documents\C Plus Plus\Repository\GameSkeleton\GameSolution\Game\Debug\link.10232-cvtres.read.1.tlog
C:\Users\nredmond\Documents\C Plus Plus\Repository\GameSkeleton\GameSolution\Game\Debug\link.10232-cvtres.write.1.tlog
C:\Users\nredmond\Documents\C Plus Plus\Repository\GameSkeleton\GameSolution\Game\Debug\link.10232-rc.read.1.tlog
C:\Users\nredmond\Documents\C Plus Plus\Repository\GameSkeleton\GameSolution\Game\Debug\link.10232-rc.write.1.tlog
C:\Users\nredmond\Documents\C Plus Plus\Repository\GameSkeleton\GameSolution\Game\Debug\link.10232.read.1.tlog
C:\Users\nredmond\Documents\C Plus Plus\Repository\GameSkeleton\GameSolution\Game\Debug\link.10232.write.1.tlog
C:\Users\nredmond\Documents\C Plus Plus\Repository\GameSkeleton\GameSolution\Game\Debug\link.10604-cvtres.read.1.tlog
C:\Users\nredmond\Documents\C Plus Plus\Repository\GameSkeleton\GameSolution\Game\Debug\link.10604-cvtres.write.1.tlog
C:\Users\nredmond\Documents\C Plus Plus\Repository\GameSkeleton\GameSolution\Game\Debug\link.10604-rc.read.1.tlog
C:\Users\nredmond\Documents\C Plus Plus\Repository\GameSkeleton\GameSolution\Game\Debug\link.10604-rc.write.1.tlog
C:\Users\nredmond\Documents\C Plus Plus\Repository\GameSkeleton\GameSolution\Game\Debug\link.10604.read.1.tlog
C:\Users\nredmond\Documents\C Plus Plus\Repository\GameSkeleton\GameSolution\Game\Debug\link.10604.write.1.tlog
C:\Users\nredmond\Documents\C Plus Plus\Repository\GameSkeleton\GameSolution\Game\Debug\link.10872-cvtres.read.1.tlog
C:\Users\nredmond\Documents\C Plus Plus\Repository\GameSkeleton\GameSolution\Game\Debug\link.10872-cvtres.write.1.tlog
C:\Users\nredmond\Documents\C Plus Plus\Repository\GameSkeleton\GameSolution\Game\Debug\link.10872-rc.read.1.tlog
C:\Users\nredmond\Documents\C Plus Plus\Repository\GameSkeleton\GameSolution\Game\Debug\link.10872-rc.write.1.tlog
C:\Users\nredmond\Documents\C Plus Plus\Repository\GameSkeleton\GameSolution\Game\Debug\link.10872.read.1.tlog
C:\Users\nredmond\Documents\C Plus Plus\Repository\GameSkeleton\GameSolution\Game\Debug\link.10872.write.1.tlog
C:\Users\nredmond\Documents\C Plus Plus\Repository\GameSkeleton\GameSolution\Game\Debug\link.11004-cvtres.read.1.tlog
C:\Users\nredmond\Documents\C Plus Plus\Repository\GameSkeleton\GameSolution\Game\Debug\link.11004-cvtres.write.1.tlog
C:\Users\nredmond\Documents\C Plus Plus\Repository\GameSkeleton\GameSolution\Game\Debug\link.11004-rc.read.1.tlog
C:\Users\nredmond\Documents\C Plus Plus\Repository\GameSkeleton\GameSolution\Game\Debug\link.11004-rc.write.1.tlog
C:\Users\nredmond\Documents\C Plus Plus\Repository\GameSkeleton\GameSolution\Game\Debug\link.11004.read.1.tlog
C:\Users\nredmond\Documents\C Plus Plus\Repository\GameSkeleton\GameSolution\Game\Debug\link.11004.write.1.tlog
C:\Users\nredmond\Documents\C Plus Plus\Repository\GameSkeleton\GameSolution\Game\Debug\link.11280-cvtres.read.1.tlog
C:\Users\nredmond\Documents\C Plus Plus\Repository\GameSkeleton\GameSolution\Game\Debug\link.11280-cvtres.write.1.tlog
C:\Users\nredmond\Documents\C Plus Plus\Repository\GameSkeleton\GameSolution\Game\Debug\link.11280-rc.read.1.tlog
C:\Users\nredmond\Documents\C Plus Plus\Repository\GameSkeleton\GameSolution\Game\Debug\link.11280-rc.write.1.tlog
C:\Users\nredmond\Documents\C Plus Plus\Repository\GameSkeleton\GameSolution\Game\Debug\link.11280.read.1.tlog
C:\Users\nredmond\Documents\C Plus Plus\Repository\GameSkeleton\GameSolution\Game\Debug\link.11280.write.1.tlog
C:\Users\nredmond\Documents\C Plus Plus\Repository\GameSkeleton\GameSolution\Game\Debug\link.11560-cvtres.read.1.tlog
C:\Users\nredmond\Documents\C Plus Plus\Repository\GameSkeleton\GameSolution\Game\Debug\link.11560-cvtres.write.1.tlog
C:\Users\nredmond\Documents\C Plus Plus\Repository\GameSkeleton\GameSolution\Game\Debug\link.11560-rc.read.1.tlog
C:\Users\nredmond\Documents\C Plus Plus\Repository\GameSkeleton\GameSolution\Game\Debug\link.11560-rc.write.1.tlog
C:\Users\nredmond\Documents\C Plus Plus\Repository\GameSkeleton\GameSolution\Game\Debug\link.11560.read.1.tlog
C:\Users\nredmond\Documents\C Plus Plus\Repository\GameSkeleton\GameSolution\Game\Debug\link.11560.write.1.tlog
C:\Users\nredmond\Documents\C Plus Plus\Repository\GameSkeleton\GameSolution\Game\Debug\link.11692-cvtres.read.1.tlog
C:\Users\nredmond\Documents\C Plus Plus\Repository\GameSkeleton\GameSolution\Game\Debug\link.11692-cvtres.write.1.tlog
C:\Users\nredmond\Documents\C Plus Plus\Repository\GameSkeleton\GameSolution\Game\Debug\link.11692-rc.read.1.tlog
C:\Users\nredmond\Documents\C Plus Plus\Repository\GameSkeleton\GameSolution\Game\Debug\link.11692-rc.write.1.tlog
C:\Users\nredmond\Documents\C Plus Plus\Repository\GameSkeleton\GameSolution\Game\Debug\link.11692.read.1.tlog
C:\Users\nredmond\Documents\C Plus Plus\Repository\GameSkeleton\GameSolution\Game\Debug\link.11692.write.1.tlog
C:\Users\nredmond\Documents\C Plus Plus\Repository\GameSkeleton\GameSolution\Game\Debug\link.11800-cvtres.read.1.tlog
C:\Users\nredmond\Documents\C Plus Plus\Repository\GameSkeleton\GameSolution\Game\Debug\link.11800-cvtres.write.1.tlog
C:\Users\nredmond\Documents\C Plus Plus\Repository\GameSkeleton\GameSolution\Game\Debug\link.11800-rc.read.1.tlog
C:\Users\nredmond\Documents\C Plus Plus\Repository\GameSkeleton\GameSolution\Game\Debug\link.11800-rc.write.1.tlog
C:\Users\nredmond\Documents\C Plus Plus\Repository\GameSkeleton\GameSolution\Game\Debug\link.11800.read.1.tlog
C:\Users\nredmond\Documents\C Plus Plus\Repository\GameSkeleton\GameSolution\Game\Debug\link.11800.write.1.tlog
C:\Users\nredmond\Documents\C Plus Plus\Repository\GameSkeleton\GameSolution\Game\Debug\link.12444-cvtres.read.1.tlog
C:\Users\nredmond\Documents\C Plus Plus\Repository\GameSkeleton\GameSolution\Game\Debug\link.12444-cvtres.write.1.tlog
C:\Users\nredmond\Documents\C Plus Plus\Repository\GameSkeleton\GameSolution\Game\Debug\link.12444-rc.read.1.tlog
C:\Users\nredmond\Documents\C Plus Plus\Repository\GameSkeleton\GameSolution\Game\Debug\link.12444-rc.write.1.tlog
C:\Users\nredmond\Documents\C Plus Plus\Repository\GameSkeleton\GameSolution\Game\Debug\link.12444.read.1.tlog
C:\Users\nredmond\Documents\C Plus Plus\Repository\GameSkeleton\GameSolution\Game\Debug\link.12444.write.1.tlog
C:\Users\nredmond\Documents\C Plus Plus\Repository\GameSkeleton\GameSolution\Game\Debug\link.12456-cvtres.read.1.tlog
C:\Users\nredmond\Documents\C Plus Plus\Repository\GameSkeleton\GameSolution\Game\Debug\link.12456-cvtres.write.1.tlog
C:\Users\nredmond\Documents\C Plus Plus\Repository\GameSkeleton\GameSolution\Game\Debug\link.12456-rc.read.1.tlog
C:\Users\nredmond\Documents\C Plus Plus\Repository\GameSkeleton\GameSolution\Game\Debug\link.12456-rc.write.1.tlog
C:\Users\nredmond\Documents\C Plus Plus\Repository\GameSkeleton\GameSolution\Game\Debug\link.12456.read.1.tlog
C:\Users\nredmond\Documents\C Plus Plus\Repository\GameSkeleton\GameSolution\Game\Debug\link.12456.write.1.tlog
C:\Users\nredmond\Documents\C Plus Plus\Repository\GameSkeleton\GameSolution\Game\Debug\link.1252-cvtres.read.1.tlog
C:\Users\nredmond\Documents\C Plus Plus\Repository\GameSkeleton\GameSolution\Game\Debug\link.1252-cvtres.write.1.tlog
C:\Users\nredmond\Documents\C Plus Plus\Repository\GameSkeleton\GameSolution\Game\Debug\link.1252-rc.read.1.tlog
C:\Users\nredmond\Documents\C Plus Plus\Repository\GameSkeleton\GameSolution\Game\Debug\link.1252-rc.write.1.tlog
C:\Users\nredmond\Documents\C Plus Plus\Repository\GameSkeleton\GameSolution\Game\Debug\link.1252.read.1.tlog
C:\Users\nredmond\Documents\C Plus Plus\Repository\GameSkeleton\GameSolution\Game\Debug\link.1252.write.1.tlog
C:\Users\nredmond\Documents\C Plus Plus\Repository\GameSkeleton\GameSolution\Game\Debug\link.12584-cvtres.read.1.tlog
C:\Users\nredmond\Documents\C Plus Plus\Repository\GameSkeleton\GameSolution\Game\Debug\link.12584-cvtres.write.1.tlog
C:\Users\nredmond\Documents\C Plus Plus\Repository\GameSkeleton\GameSolution\Game\Debug\link.12584-rc.read.1.tlog
C:\Users\nredmond\Documents\C Plus Plus\Repository\GameSkeleton\GameSolution\Game\Debug\link.12584-rc.write.1.tlog
C:\Users\nredmond\Documents\C Plus Plus\Repository\GameSkeleton\GameSolution\Game\Debug\link.12584.read.1.tlog
C:\Users\nredmond\Documents\C Plus Plus\Repository\GameSkeleton\GameSolution\Game\Debug\link.12584.write.1.tlog
C:\Users\nredmond\Documents\C Plus Plus\Repository\GameSkeleton\GameSolution\Game\Debug\link.3360-cvtres.read.1.tlog
C:\Users\nredmond\Documents\C Plus Plus\Repository\GameSkeleton\GameSolution\Game\Debug\link.3360-cvtres.write.1.tlog
C:\Users\nredmond\Documents\C Plus Plus\Repository\GameSkeleton\GameSolution\Game\Debug\link.3360-rc.read.1.tlog
C:\Users\nredmond\Documents\C Plus Plus\Repository\GameSkeleton\GameSolution\Game\Debug\link.3360-rc.write.1.tlog
C:\Users\nredmond\Documents\C Plus Plus\Repository\GameSkeleton\GameSolution\Game\Debug\link.3360.read.1.tlog
C:\Users\nredmond\Documents\C Plus Plus\Repository\GameSkeleton\GameSolution\Game\Debug\link.3360.write.1.tlog
C:\Users\nredmond\Documents\C Plus Plus\Repository\GameSkeleton\GameSolution\Game\Debug\link.3616-cvtres.read.1.tlog
C:\Users\nredmond\Documents\C Plus Plus\Repository\GameSkeleton\GameSolution\Game\Debug\link.3616-cvtres.write.1.tlog
C:\Users\nredmond\Documents\C Plus Plus\Repository\GameSkeleton\GameSolution\Game\Debug\link.3616-rc.read.1.tlog
C:\Users\nredmond\Documents\C Plus Plus\Repository\GameSkeleton\GameSolution\Game\Debug\link.3616-rc.write.1.tlog
C:\Users\nredmond\Documents\C Plus Plus\Repository\GameSkeleton\GameSolution\Game\Debug\link.3616.read.1.tlog
C:\Users\nredmond\Documents\C Plus Plus\Repository\GameSkeleton\GameSolution\Game\Debug\link.3616.write.1.tlog
C:\Users\nredmond\Documents\C Plus Plus\Repository\GameSkeleton\GameSolution\Game\Debug\link.3776-cvtres.read.1.tlog
C:\Users\nredmond\Documents\C Plus Plus\Repository\GameSkeleton\GameSolution\Game\Debug\link.3776-cvtres.write.1.tlog
C:\Users\nredmond\Documents\C Plus Plus\Repository\GameSkeleton\GameSolution\Game\Debug\link.3776-rc.read.1.tlog
C:\Users\nredmond\Documents\C Plus Plus\Repository\GameSkeleton\GameSolution\Game\Debug\link.3776-rc.write.1.tlog
C:\Users\nredmond\Documents\C Plus Plus\Repository\GameSkeleton\GameSolution\Game\Debug\link.3776.read.1.tlog
C:\Users\nredmond\Documents\C Plus Plus\Repository\GameSkeleton\GameSolution\Game\Debug\link.3776.write.1.tlog
C:\Users\nredmond\Documents\C Plus Plus\Repository\GameSkeleton\GameSolution\Game\Debug\link.3920-cvtres.read.1.tlog
C:\Users\nredmond\Documents\C Plus Plus\Repository\GameSkeleton\GameSolution\Game\Debug\link.3920-cvtres.write.1.tlog
C:\Users\nredmond\Documents\C Plus Plus\Repository\GameSkeleton\GameSolution\Game\Debug\link.3920-rc.read.1.tlog
C:\Users\nredmond\Documents\C Plus Plus\Repository\GameSkeleton\GameSolution\Game\Debug\link.3920-rc.write.1.tlog
C:\Users\nredmond\Documents\C Plus Plus\Repository\GameSkeleton\GameSolution\Game\Debug\link.3920.read.1.tlog
C:\Users\nredmond\Documents\C Plus Plus\Repository\GameSkeleton\GameSolution\Game\Debug\link.3920.write.1.tlog
C:\Users\nredmond\Documents\C Plus Plus\Repository\GameSkeleton\GameSolution\Game\Debug\link.3952-cvtres.read.1.tlog
C:\Users\nredmond\Documents\C Plus Plus\Repository\GameSkeleton\GameSolution\Game\Debug\link.3952-cvtres.write.1.tlog
C:\Users\nredmond\Documents\C Plus Plus\Repository\GameSkeleton\GameSolution\Game\Debug\link.3952-rc.read.1.tlog
C:\Users\nredmond\Documents\C Plus Plus\Repository\GameSkeleton\GameSolution\Game\Debug\link.3952-rc.write.1.tlog
C:\Users\nredmond\Documents\C Plus Plus\Repository\GameSkeleton\GameSolution\Game\Debug\link.3952.read.1.tlog
C:\Users\nredmond\Documents\C Plus Plus\Repository\GameSkeleton\GameSolution\Game\Debug\link.3952.write.1.tlog
C:\Users\nredmond\Documents\C Plus Plus\Repository\GameSkeleton\GameSolution\Game\Debug\link.4448-cvtres.read.1.tlog
C:\Users\nredmond\Documents\C Plus Plus\Repository\GameSkeleton\GameSolution\Game\Debug\link.4448-cvtres.write.1.tlog
C:\Users\nredmond\Documents\C Plus Plus\Repository\GameSkeleton\GameSolution\Game\Debug\link.4448-rc.read.1.tlog
C:\Users\nredmond\Documents\C Plus Plus\Repository\GameSkeleton\GameSolution\Game\Debug\link.4448-rc.write.1.tlog
C:\Users\nredmond\Documents\C Plus Plus\Repository\GameSkeleton\GameSolution\Game\Debug\link.4448.read.1.tlog
C:\Users\nredmond\Documents\C Plus Plus\Repository\GameSkeleton\GameSolution\Game\Debug\link.4448.write.1.tlog
C:\Users\nredmond\Documents\C Plus Plus\Repository\GameSkeleton\GameSolution\Game\Debug\link.4576-cvtres.read.1.tlog
C:\Users\nredmond\Documents\C Plus Plus\Repository\GameSkeleton\GameSolution\Game\Debug\link.4576-cvtres.write.1.tlog
C:\Users\nredmond\Documents\C Plus Plus\Repository\GameSkeleton\GameSolution\Game\Debug\link.4576-rc.read.1.tlog
C:\Users\nredmond\Documents\C Plus Plus\Repository\GameSkeleton\GameSolution\Game\Debug\link.4576-rc.write.1.tlog
C:\Users\nredmond\Documents\C Plus Plus\Repository\GameSkeleton\GameSolution\Game\Debug\link.4576.read.1.tlog
C:\Users\nredmond\Documents\C Plus Plus\Repository\GameSkeleton\GameSolution\Game\Debug\link.4576.write.1.tlog
C:\Users\nredmond\Documents\C Plus Plus\Repository\GameSkeleton\GameSolution\Game\Debug\link.5480-cvtres.read.1.tlog
C:\Users\nredmond\Documents\C Plus Plus\Repository\GameSkeleton\GameSolution\Game\Debug\link.5480-cvtres.write.1.tlog
C:\Users\nredmond\Documents\C Plus Plus\Repository\GameSkeleton\GameSolution\Game\Debug\link.5480-rc.read.1.tlog
C:\Users\nredmond\Documents\C Plus Plus\Repository\GameSkeleton\GameSolution\Game\Debug\link.5480-rc.write.1.tlog
C:\Users\nredmond\Documents\C Plus Plus\Repository\GameSkeleton\GameSolution\Game\Debug\link.5480.read.1.tlog
C:\Users\nredmond\Documents\C Plus Plus\Repository\GameSkeleton\GameSolution\Game\Debug\link.5480.write.1.tlog
C:\Users\nredmond\Documents\C Plus Plus\Repository\GameSkeleton\GameSolution\Game\Debug\link.5520-cvtres.read.1.tlog
C:\Users\nredmond\Documents\C Plus Plus\Repository\GameSkeleton\GameSolution\Game\Debug\link.5520-cvtres.write.1.tlog
C:\Users\nredmond\Documents\C Plus Plus\Repository\GameSkeleton\GameSolution\Game\Debug\link.5520-rc.read.1.tlog
C:\Users\nredmond\Documents\C Plus Plus\Repository\GameSkeleton\GameSolution\Game\Debug\link.5520-rc.write.1.tlog
C:\Users\nredmond\Documents\C Plus Plus\Repository\GameSkeleton\GameSolution\Game\Debug\link.5520.read.1.tlog
C:\Users\nredmond\Documents\C Plus Plus\Repository\GameSkeleton\GameSolution\Game\Debug\link.5520.write.1.tlog
C:\Users\nredmond\Documents\C Plus Plus\Repository\GameSkeleton\GameSolution\Game\Debug\link.5580-cvtres.read.1.tlog
C:\Users\nredmond\Documents\C Plus Plus\Repository\GameSkeleton\GameSolution\Game\Debug\link.5580-cvtres.write.1.tlog
C:\Users\nredmond\Documents\C Plus Plus\Repository\GameSkeleton\GameSolution\Game\Debug\link.5580-rc.read.1.tlog
C:\Users\nredmond\Documents\C Plus Plus\Repository\GameSkeleton\GameSolution\Game\Debug\link.5580-rc.write.1.tlog
C:\Users\nredmond\Documents\C Plus Plus\Repository\GameSkeleton\GameSolution\Game\Debug\link.5580.read.1.tlog
C:\Users\nredmond\Documents\C Plus Plus\Repository\GameSkeleton\GameSolution\Game\Debug\link.5580.write.1.tlog
C:\Users\nredmond\Documents\C Plus Plus\Repository\GameSkeleton\GameSolution\Game\Debug\link.5668-cvtres.read.1.tlog
C:\Users\nredmond\Documents\C Plus Plus\Repository\GameSkeleton\GameSolution\Game\Debug\link.5668-cvtres.write.1.tlog
C:\Users\nredmond\Documents\C Plus Plus\Repository\GameSkeleton\GameSolution\Game\Debug\link.5668-rc.read.1.tlog
C:\Users\nredmond\Documents\C Plus Plus\Repository\GameSkeleton\GameSolution\Game\Debug\link.5668-rc.write.1.tlog
C:\Users\nredmond\Documents\C Plus Plus\Repository\GameSkeleton\GameSolution\Game\Debug\link.5668.read.1.tlog
C:\Users\nredmond\Documents\C Plus Plus\Repository\GameSkeleton\GameSolution\Game\Debug\link.5668.write.1.tlog
C:\Users\nredmond\Documents\C Plus Plus\Repository\GameSkeleton\GameSolution\Game\Debug\link.5732-cvtres.read.1.tlog
C:\Users\nredmond\Documents\C Plus Plus\Repository\GameSkeleton\GameSolution\Game\Debug\link.5732-cvtres.write.1.tlog
C:\Users\nredmond\Documents\C Plus Plus\Repository\GameSkeleton\GameSolution\Game\Debug\link.5732-rc.read.1.tlog
C:\Users\nredmond\Documents\C Plus Plus\Repository\GameSkeleton\GameSolution\Game\Debug\link.5732-rc.write.1.tlog
C:\Users\nredmond\Documents\C Plus Plus\Repository\GameSkeleton\GameSolution\Game\Debug\link.5732.read.1.tlog
C:\Users\nredmond\Documents\C Plus Plus\Repository\GameSkeleton\GameSolution\Game\Debug\link.5732.write.1.tlog
C:\Users\nredmond\Documents\C Plus Plus\Repository\GameSkeleton\GameSolution\Game\Debug\link.6612-cvtres.read.1.tlog
C:\Users\nredmond\Documents\C Plus Plus\Repository\GameSkeleton\GameSolution\Game\Debug\link.6612-cvtres.write.1.tlog
C:\Users\nredmond\Documents\C Plus Plus\Repository\GameSkeleton\GameSolution\Game\Debug\link.6612-rc.read.1.tlog
C:\Users\nredmond\Documents\C Plus Plus\Repository\GameSkeleton\GameSolution\Game\Debug\link.6612-rc.write.1.tlog
C:\Users\nredmond\Documents\C Plus Plus\Repository\GameSkeleton\GameSolution\Game\Debug\link.6612.read.1.tlog
C:\Users\nredmond\Documents\C Plus Plus\Repository\GameSkeleton\GameSolution\Game\Debug\link.6612.write.1.tlog
C:\Users\nredmond\Documents\C Plus Plus\Repository\GameSkeleton\GameSolution\Game\Debug\link.6812-cvtres.read.1.tlog
C:\Users\nredmond\Documents\C Plus Plus\Repository\GameSkeleton\GameSolution\Game\Debug\link.6812-cvtres.write.1.tlog
C:\Users\nredmond\Documents\C Plus Plus\Repository\GameSkeleton\GameSolution\Game\Debug\link.6812-rc.read.1.tlog
C:\Users\nredmond\Documents\C Plus Plus\Repository\GameSkeleton\GameSolution\Game\Debug\link.6812-rc.write.1.tlog
C:\Users\nredmond\Documents\C Plus Plus\Repository\GameSkeleton\GameSolution\Game\Debug\link.6812.read.1.tlog
C:\Users\nredmond\Documents\C Plus Plus\Repository\GameSkeleton\GameSolution\Game\Debug\link.6812.write.1.tlog
C:\Users\nredmond\Documents\C Plus Plus\Repository\GameSkeleton\GameSolution\Game\Debug\link.7184-cvtres.read.1.tlog
C:\Users\nredmond\Documents\C Plus Plus\Repository\GameSkeleton\GameSolution\Game\Debug\link.7184-cvtres.write.1.tlog
C:\Users\nredmond\Documents\C Plus Plus\Repository\GameSkeleton\GameSolution\Game\Debug\link.7184-rc.read.1.tlog
C:\Users\nredmond\Documents\C Plus Plus\Repository\GameSkeleton\GameSolution\Game\Debug\link.7184-rc.write.1.tlog
C:\Users\nredmond\Documents\C Plus Plus\Repository\GameSkeleton\GameSolution\Game\Debug\link.7184.read.1.tlog
C:\Users\nredmond\Documents\C Plus Plus\Repository\GameSkeleton\GameSolution\Game\Debug\link.7184.write.1.tlog
C:\Users\nredmond\Documents\C Plus Plus\Repository\GameSkeleton\GameSolution\Game\Debug\link.7224-cvtres.read.1.tlog
C:\Users\nredmond\Documents\C Plus Plus\Repository\GameSkeleton\GameSolution\Game\Debug\link.7224-cvtres.write.1.tlog
C:\Users\nredmond\Documents\C Plus Plus\Repository\GameSkeleton\GameSolution\Game\Debug\link.7224-rc.read.1.tlog
C:\Users\nredmond\Documents\C Plus Plus\Repository\GameSkeleton\GameSolution\Game\Debug\link.7224-rc.write.1.tlog
C:\Users\nredmond\Documents\C Plus Plus\Repository\GameSkeleton\GameSolution\Game\Debug\link.7224.read.1.tlog
C:\Users\nredmond\Documents\C Plus Plus\Repository\GameSkeleton\GameSolution\Game\Debug\link.7224.write.1.tlog
C:\Users\nredmond\Documents\C Plus Plus\Repository\GameSkeleton\GameSolution\Game\Debug\link.7244-cvtres.read.1.tlog
C:\Users\nredmond\Documents\C Plus Plus\Repository\GameSkeleton\GameSolution\Game\Debug\link.7244-cvtres.write.1.tlog
C:\Users\nredmond\Documents\C Plus Plus\Repository\GameSkeleton\GameSolution\Game\Debug\link.7244-rc.read.1.tlog
C:\Users\nredmond\Documents\C Plus Plus\Repository\GameSkeleton\GameSolution\Game\Debug\link.7244-rc.write.1.tlog
C:\Users\nredmond\Documents\C Plus Plus\Repository\GameSkeleton\GameSolution\Game\Debug\link.7244.read.1.tlog
C:\Users\nredmond\Documents\C Plus Plus\Repository\GameSkeleton\GameSolution\Game\Debug\link.7244.write.1.tlog
C:\Users\nredmond\Documents\C Plus Plus\Repository\GameSkeleton\GameSolution\Game\Debug\link.7284-cvtres.read.1.tlog
C:\Users\nredmond\Documents\C Plus Plus\Repository\GameSkeleton\GameSolution\Game\Debug\link.7284-cvtres.write.1.tlog
C:\Users\nredmond\Documents\C Plus Plus\Repository\GameSkeleton\GameSolution\Game\Debug\link.7284-rc.read.1.tlog
C:\Users\nredmond\Documents\C Plus Plus\Repository\GameSkeleton\GameSolution\Game\Debug\link.7284-rc.write.1.tlog
C:\Users\nredmond\Documents\C Plus Plus\Repository\GameSkeleton\GameSolution\Game\Debug\link.7284.read.1.tlog
C:\Users\nredmond\Documents\C Plus Plus\Repository\GameSkeleton\GameSolution\Game\Debug\link.7284.write.1.tlog
C:\Users\nredmond\Documents\C Plus Plus\Repository\GameSkeleton\GameSolution\Game\Debug\link.7528-cvtres.read.1.tlog
C:\Users\nredmond\Documents\C Plus Plus\Repository\GameSkeleton\GameSolution\Game\Debug\link.7528-cvtres.write.1.tlog
C:\Users\nredmond\Documents\C Plus Plus\Repository\GameSkeleton\GameSolution\Game\Debug\link.7528-rc.read.1.tlog
C:\Users\nredmond\Documents\C Plus Plus\Repository\GameSkeleton\GameSolution\Game\Debug\link.7528-rc.write.1.tlog
C:\Users\nredmond\Documents\C Plus Plus\Repository\GameSkeleton\GameSolution\Game\Debug\link.7528.read.1.tlog
C:\Users\nredmond\Documents\C Plus Plus\Repository\GameSkeleton\GameSolution\Game\Debug\link.7528.write.1.tlog
C:\Users\nredmond\Documents\C Plus Plus\Repository\GameSkeleton\GameSolution\Game\Debug\link.7744-cvtres.read.1.tlog
C:\Users\nredmond\Documents\C Plus Plus\Repository\GameSkeleton\GameSolution\Game\Debug\link.7744-cvtres.write.1.tlog
C:\Users\nredmond\Documents\C Plus Plus\Repository\GameSkeleton\GameSolution\Game\Debug\link.7744-rc.read.1.tlog
C:\Users\nredmond\Documents\C Plus Plus\Repository\GameSkeleton\GameSolution\Game\Debug\link.7744-rc.write.1.tlog
C:\Users\nredmond\Documents\C Plus Plus\Repository\GameSkeleton\GameSolution\Game\Debug\link.7744.read.1.tlog
C:\Users\nredmond\Documents\C Plus Plus\Repository\GameSkeleton\GameSolution\Game\Debug\link.7744.write.1.tlog
C:\Users\nredmond\Documents\C Plus Plus\Repository\GameSkeleton\GameSolution\Game\Debug\link.7992-cvtres.read.1.tlog
C:\Users\nredmond\Documents\C Plus Plus\Repository\GameSkeleton\GameSolution\Game\Debug\link.7992-cvtres.write.1.tlog
C:\Users\nredmond\Documents\C Plus Plus\Repository\GameSkeleton\GameSolution\Game\Debug\link.7992-rc.read.1.tlog
C:\Users\nredmond\Documents\C Plus Plus\Repository\GameSkeleton\GameSolution\Game\Debug\link.7992-rc.write.1.tlog
C:\Users\nredmond\Documents\C Plus Plus\Repository\GameSkeleton\GameSolution\Game\Debug\link.7992.read.1.tlog
C:\Users\nredmond\Documents\C Plus Plus\Repository\GameSkeleton\GameSolution\Game\Debug\link.7992.write.1.tlog
C:\Users\nredmond\Documents\C Plus Plus\Repository\GameSkeleton\GameSolution\Game\Debug\link.8468-cvtres.read.1.tlog
C:\Users\nredmond\Documents\C Plus Plus\Repository\GameSkeleton\GameSolution\Game\Debug\link.8468-cvtres.write.1.tlog
C:\Users\nredmond\Documents\C Plus Plus\Repository\GameSkeleton\GameSolution\Game\Debug\link.8468-rc.read.1.tlog
C:\Users\nredmond\Documents\C Plus Plus\Repository\GameSkeleton\GameSolution\Game\Debug\link.8468-rc.write.1.tlog
C:\Users\nredmond\Documents\C Plus Plus\Repository\GameSkeleton\GameSolution\Game\Debug\link.8468.read.1.tlog
C:\Users\nredmond\Documents\C Plus Plus\Repository\GameSkeleton\GameSolution\Game\Debug\link.8468.write.1.tlog
C:\Users\nredmond\Documents\C Plus Plus\Repository\GameSkeleton\GameSolution\Game\Debug\link.8992-cvtres.read.1.tlog
C:\Users\nredmond\Documents\C Plus Plus\Repository\GameSkeleton\GameSolution\Game\Debug\link.8992-cvtres.write.1.tlog
C:\Users\nredmond\Documents\C Plus Plus\Repository\GameSkeleton\GameSolution\Game\Debug\link.8992-rc.read.1.tlog
C:\Users\nredmond\Documents\C Plus Plus\Repository\GameSkeleton\GameSolution\Game\Debug\link.8992-rc.write.1.tlog
C:\Users\nredmond\Documents\C Plus Plus\Repository\GameSkeleton\GameSolution\Game\Debug\link.8992.read.1.tlog
C:\Users\nredmond\Documents\C Plus Plus\Repository\GameSkeleton\GameSolution\Game\Debug\link.8992.write.1.tlog
C:\Users\nredmond\Documents\C Plus Plus\Repository\GameSkeleton\GameSolution\Game\Debug\link.9000-cvtres.read.1.tlog
C:\Users\nredmond\Documents\C Plus Plus\Repository\GameSkeleton\GameSolution\Game\Debug\link.9000-cvtres.write.1.tlog
C:\Users\nredmond\Documents\C Plus Plus\Repository\GameSkeleton\GameSolution\Game\Debug\link.9000-rc.read.1.tlog
C:\Users\nredmond\Documents\C Plus Plus\Repository\GameSkeleton\GameSolution\Game\Debug\link.9000-rc.write.1.tlog
C:\Users\nredmond\Documents\C Plus Plus\Repository\GameSkeleton\GameSolution\Game\Debug\link.9000.read.1.tlog
C:\Users\nredmond\Documents\C Plus Plus\Repository\GameSkeleton\GameSolution\Game\Debug\link.9000.write.1.tlog
C:\Users\nredmond\Documents\C Plus Plus\Repository\GameSkeleton\GameSolution\Game\Debug\link.9148-cvtres.read.1.tlog
C:\Users\nredmond\Documents\C Plus Plus\Repository\GameSkeleton\GameSolution\Game\Debug\link.9148-cvtres.write.1.tlog
C:\Users\nredmond\Documents\C Plus Plus\Repository\GameSkeleton\GameSolution\Game\Debug\link.9148-rc.read.1.tlog
C:\Users\nredmond\Documents\C Plus Plus\Repository\GameSkeleton\GameSolution\Game\Debug\link.9148-rc.write.1.tlog
C:\Users\nredmond\Documents\C Plus Plus\Repository\GameSkeleton\GameSolution\Game\Debug\link.9148.read.1.tlog
C:\Users\nredmond\Documents\C Plus Plus\Repository\GameSkeleton\GameSolution\Game\Debug\link.9148.write.1.tlog
C:\Users\nredmond\Documents\C Plus Plus\Repository\GameSkeleton\GameSolution\Game\Debug\link.9244-cvtres.read.1.tlog
C:\Users\nredmond\Documents\C Plus Plus\Repository\GameSkeleton\GameSolution\Game\Debug\link.9244-cvtres.write.1.tlog
C:\Users\nredmond\Documents\C Plus Plus\Repository\GameSkeleton\GameSolution\Game\Debug\link.9244-rc.read.1.tlog
C:\Users\nredmond\Documents\C Plus Plus\Repository\GameSkeleton\GameSolution\Game\Debug\link.9244-rc.write.1.tlog
C:\Users\nredmond\Documents\C Plus Plus\Repository\GameSkeleton\GameSolution\Game\Debug\link.9244.read.1.tlog
C:\Users\nredmond\Documents\C Plus Plus\Repository\GameSkeleton\GameSolution\Game\Debug\link.9244.write.1.tlog
C:\Users\nredmond\Documents\C Plus Plus\Repository\GameSkeleton\GameSolution\Game\Debug\link.9308-cvtres.read.1.tlog
C:\Users\nredmond\Documents\C Plus Plus\Repository\GameSkeleton\GameSolution\Game\Debug\link.9308-cvtres.write.1.tlog
C:\Users\nredmond\Documents\C Plus Plus\Repository\GameSkeleton\GameSolution\Game\Debug\link.9308-rc.read.1.tlog
C:\Users\nredmond\Documents\C Plus Plus\Repository\GameSkeleton\GameSolution\Game\Debug\link.9308-rc.write.1.tlog
C:\Users\nredmond\Documents\C Plus Plus\Repository\GameSkeleton\GameSolution\Game\Debug\link.9308.read.1.tlog
C:\Users\nredmond\Documents\C Plus Plus\Repository\GameSkeleton\GameSolution\Game\Debug\link.9308.write.1.tlog
C:\Users\nredmond\Documents\C Plus Plus\Repository\GameSkeleton\GameSolution\Game\Debug\link.9384-cvtres.read.1.tlog
C:\Users\nredmond\Documents\C Plus Plus\Repository\GameSkeleton\GameSolution\Game\Debug\link.9384-cvtres.write.1.tlog
C:\Users\nredmond\Documents\C Plus Plus\Repository\GameSkeleton\GameSolution\Game\Debug\link.9384-rc.read.1.tlog
C:\Users\nredmond\Documents\C Plus Plus\Repository\GameSkeleton\GameSolution\Game\Debug\link.9384-rc.write.1.tlog
C:\Users\nredmond\Documents\C Plus Plus\Repository\GameSkeleton\GameSolution\Game\Debug\link.9384.read.1.tlog
C:\Users\nredmond\Documents\C Plus Plus\Repository\GameSkeleton\GameSolution\Game\Debug\link.9384.write.1.tlog
C:\Users\nredmond\Documents\C Plus Plus\Repository\GameSkeleton\GameSolution\Game\Debug\link.9732-cvtres.read.1.tlog
C:\Users\nredmond\Documents\C Plus Plus\Repository\GameSkeleton\GameSolution\Game\Debug\link.9732-cvtres.write.1.tlog
C:\Users\nredmond\Documents\C Plus Plus\Repository\GameSkeleton\GameSolution\Game\Debug\link.9732-rc.read.1.tlog
C:\Users\nredmond\Documents\C Plus Plus\Repository\GameSkeleton\GameSolution\Game\Debug\link.9732-rc.write.1.tlog
C:\Users\nredmond\Documents\C Plus Plus\Repository\GameSkeleton\GameSolution\Game\Debug\link.9732.read.1.tlog
C:\Users\nredmond\Documents\C Plus Plus\Repository\GameSkeleton\GameSolution\Game\Debug\link.9732.write.1.tlog
C:\Users\nredmond\Documents\C Plus Plus\Repository\GameSkeleton\GameSolution\Game\Debug\link.9896-cvtres.read.1.tlog
C:\Users\nredmond\Documents\C Plus Plus\Repository\GameSkeleton\GameSolution\Game\Debug\link.9896-cvtres.write.1.tlog
C:\Users\nredmond\Documents\C Plus Plus\Repository\GameSkeleton\GameSolution\Game\Debug\link.9896-rc.read.1.tlog
C:\Users\nredmond\Documents\C Plus Plus\Repository\GameSkeleton\GameSolution\Game\Debug\link.9896-rc.write.1.tlog
C:\Users\nredmond\Documents\C Plus Plus\Repository\GameSkeleton\GameSolution\Game\Debug\link.9896.read.1.tlog
C:\Users\nredmond\Documents\C Plus Plus\Repository\GameSkeleton\GameSolution\Game\Debug\link.9896.write.1.tlog
C:\Users\nredmond\Documents\C Plus Plus\Repository\GameSkeleton\GameSolution\Game\Debug\link.command.1.tlog
C:\Users\nredmond\Documents\C Plus Plus\Repository\GameSkeleton\GameSolution\Game\Debug\link.read.1.tlog
C:\Users\nredmond\Documents\C Plus Plus\Repository\GameSkeleton\GameSolution\Game\Debug\link.write.1.tlog
C:\Users\nredmond\Documents\C Plus Plus\Repository\GameSkeleton\GameSolution\Game\Debug\vc110.idb
C:\Users\nredmond\Documents\C Plus Plus\Repository\GameSkeleton\GameSolution\Game\Debug\vc110.pdb
C:\Users\nredmond\Documents\C Plus Plus\Repository\GameSkeleton\GameSolution\Debug\Game.pdb
