C:\USERS\NREDMOND\DOCUMENTS\C PLUS PLUS\REPOSITORY\GAMESKELETON\GAMESOLUTION\ENGINE\DEBUG\OBJ\DLLMAIN.OBJ
C:\USERS\NREDMOND\DOCUMENTS\C PLUS PLUS\REPOSITORY\GAMESKELETON\GAMESOLUTION\ENGINE\DEBUG\OBJ\ENGINE.OBJ
C:\USERS\NREDMOND\DOCUMENTS\C PLUS PLUS\REPOSITORY\GAMESKELETON\GAMESOLUTION\ENGINE\DEBUG\OBJ\VC110.PDB
C:\USERS\NREDMOND\DOCUMENTS\C PLUS PLUS\REPOSITORY\GAMESKELETON\TWODCALCULATOR\DEBUG\ENGINE.ILK
C:\USERS\NREDMOND\DOCUMENTS\C PLUS PLUS\REPOSITORY\GAMESKELETON\TWODCALCULATOR\DEBUG\ENGINE.DLL
C:\USERS\NREDMOND\DOCUMENTS\C PLUS PLUS\REPOSITORY\GAMESKELETON\TWODCALCULATOR\DEBUG\ENGINE.PDB
C:\Users\nredmond\Documents\C Plus Plus\Repository\GameSkeleton\GameSolution\Engine\Debug\obj\dllmain.obj
C:\Users\nredmond\Documents\C Plus Plus\Repository\GameSkeleton\GameSolution\Engine\Debug\obj\Engine.obj
C:\Users\nredmond\Documents\C Plus Plus\Repository\GameSkeleton\GameSolution\Engine\Debug\obj\cl.command.1.tlog
C:\Users\nredmond\Documents\C Plus Plus\Repository\GameSkeleton\GameSolution\Engine\Debug\obj\CL.read.1.tlog
C:\Users\nredmond\Documents\C Plus Plus\Repository\GameSkeleton\GameSolution\Engine\Debug\obj\CL.write.1.tlog
C:\Users\nredmond\Documents\C Plus Plus\Repository\GameSkeleton\GameSolution\Engine\Debug\obj\link-cvtres.read.1.tlog
C:\Users\nredmond\Documents\C Plus Plus\Repository\GameSkeleton\GameSolution\Engine\Debug\obj\link-cvtres.write.1.tlog
C:\Users\nredmond\Documents\C Plus Plus\Repository\GameSkeleton\GameSolution\Engine\Debug\obj\link-rc.read.1.tlog
C:\Users\nredmond\Documents\C Plus Plus\Repository\GameSkeleton\GameSolution\Engine\Debug\obj\link-rc.write.1.tlog
C:\Users\nredmond\Documents\C Plus Plus\Repository\GameSkeleton\GameSolution\Engine\Debug\obj\link.11344-cvtres.read.1.tlog
C:\Users\nredmond\Documents\C Plus Plus\Repository\GameSkeleton\GameSolution\Engine\Debug\obj\link.11344-cvtres.write.1.tlog
C:\Users\nredmond\Documents\C Plus Plus\Repository\GameSkeleton\GameSolution\Engine\Debug\obj\link.11344-rc.read.1.tlog
C:\Users\nredmond\Documents\C Plus Plus\Repository\GameSkeleton\GameSolution\Engine\Debug\obj\link.11344-rc.write.1.tlog
C:\Users\nredmond\Documents\C Plus Plus\Repository\GameSkeleton\GameSolution\Engine\Debug\obj\link.11344.read.1.tlog
C:\Users\nredmond\Documents\C Plus Plus\Repository\GameSkeleton\GameSolution\Engine\Debug\obj\link.11344.write.1.tlog
C:\Users\nredmond\Documents\C Plus Plus\Repository\GameSkeleton\GameSolution\Engine\Debug\obj\link.command.1.tlog
C:\Users\nredmond\Documents\C Plus Plus\Repository\GameSkeleton\GameSolution\Engine\Debug\obj\link.read.1.tlog
C:\Users\nredmond\Documents\C Plus Plus\Repository\GameSkeleton\GameSolution\Engine\Debug\obj\link.write.1.tlog
C:\Users\nredmond\Documents\C Plus Plus\Repository\GameSkeleton\GameSolution\Engine\Debug\obj\vc110.idb
C:\Users\nredmond\Documents\C Plus Plus\Repository\GameSkeleton\GameSolution\Engine\Debug\obj\vc110.pdb
C:\Users\nredmond\Documents\C Plus Plus\Repository\GameSkeleton\TwoDCalculator\Debug\Engine.pdb
C:\Users\nredmond\Documents\C Plus Plus\Repository\GameSkeleton\TwoDCalculator\Debug\Engine.dll
C:\Users\nredmond\Documents\C Plus Plus\Repository\GameSkeleton\TwoDCalculator\Debug\Engine.ilk
